# JRE version: OpenJDK Runtime Environment (15.0.2+7) (build 15.0.2+7-27)
# Java VM: OpenJDK 64-Bit Server VM (15.0.2+7-27, mixed mode, sharing, tiered, compressed oops, g1 gc, windows-amd64)
GC Precious Log:
 CPUs: 2 total, 2 available
 Memory: 3979M
 Large Page Support: Disabled
 NUMA Support: Disabled
 Compressed Oops: Enabled (32-bit)
 Heap Region Size: 1M
 Heap Min Capacity: 8M
 Heap Initial Capacity: 64M
 Heap Max Capacity: 996M
 Pre-touch: Disabled
 Parallel Workers: 2
 Concurrent Workers: 1
 Concurrent Refinement Workers: 2
 Periodic GC: Disabled
Heap:
 garbage-first heap   total 65536K, used 23537K [0x00000000c1c00000, 0x0000000100000000)
  region size 1024K, 22 young (22528K), 2 survivors (2048K)
 Metaspace       used 14293K, capacity 14537K, committed 14592K, reserved 1062912K
  class space    used 1672K, capacity 1767K, committed 1792K, reserved 1048576K
GC Heap History (6 events):
Event: 5.658 GC heap before
{Heap before GC invocations=0 (full 0):
 garbage-first heap   total 65536K, used 5120K [0x00000000c1c00000, 0x0000000100000000)
  region size 1024K, 6 young (6144K), 0 survivors (0K)
 Metaspace       used 2597K, capacity 5213K, committed 5376K, reserved 1056768K
  class space    used 266K, capacity 498K, committed 512K, reserved 1048576K
}
Event: 5.680 GC heap after
{Heap after GC invocations=1 (full 0):
 garbage-first heap   total 65536K, used 2347K [0x00000000c1c00000, 0x0000000100000000)
  region size 1024K, 1 young (1024K), 1 survivors (1024K)
 Metaspace       used 2597K, capacity 5213K, committed 5376K, reserved 1056768K
  class space    used 266K, capacity 498K, committed 512K, reserved 1048576K
}
Event: 8.778 GC heap before
{Heap before GC invocations=1 (full 0):
 garbage-first heap   total 65536K, used 5419K [0x00000000c1c00000, 0x0000000100000000)
  region size 1024K, 4 young (4096K), 1 survivors (1024K)
 Metaspace       used 5050K, capacity 5697K, committed 6016K, reserved 1056768K
  class space    used 529K, capacity 554K, committed 640K, reserved 1048576K
}
Event: 8.785 GC heap after
{Heap after GC invocations=2 (full 0):
 garbage-first heap   total 65536K, used 3137K [0x00000000c1c00000, 0x0000000100000000)
  region size 1024K, 1 young (1024K), 1 survivors (1024K)
 Metaspace       used 5050K, capacity 5697K, committed 6016K, reserved 1056768K
  class space    used 529K, capacity 554K, committed 640K, reserved 1048576K
}
Event: 13.408 GC heap before
{Heap before GC invocations=2 (full 0):
 garbage-first heap   total 65536K, used 12353K [0x00000000c1c00000, 0x0000000100000000)
  region size 1024K, 10 young (10240K), 1 survivors (1024K)
 Metaspace       used 8929K, capacity 9166K, committed 9344K, reserved 1056768K
  class space    used 1006K, capacity 1071K, committed 1152K, reserved 1048576K
}
Event: 13.418 GC heap after
{Heap after GC invocations=3 (full 0):
 garbage-first heap   total 65536K, used 4081K [0x00000000c1c00000, 0x0000000100000000)
  region size 1024K, 2 young (2048K), 2 survivors (2048K)
 Metaspace       used 8929K, capacity 9166K, committed 9344K, reserved 1056768K
  class space    used 1006K, capacity 1071K, committed 1152K, reserved 1048576K
}

